<?xml version="1.0" encoding="UTF-8"?>
<testsuite xmlns:xsi="http://www.w3.org/2001/XMLSchema-instance" xsi:noNamespaceSchemaLocation="https://maven.apache.org/surefire/maven-surefire-plugin/xsd/surefire-test-report.xsd" name="TestSuite" time="29.499" tests="10" errors="0" skipped="0" failures="1">
  <properties>
[...]
</properties>
  <testcase name="checkThatUserCityTest" classname="Test.CheckUserPageTest" time="0.52"/>
  <testcase name="checkThatUserGradeTest" classname="Test.CheckUserPageTest" time="0.727"/>
  <testcase name="checkThatUserNameTest" classname="Test.CheckUserPageTest" time="0.306"/>
  <testcase name="checkThatUserSchoolNameTest" classname="Test.CheckUserPageTest" time="0.294"/>
  <testcase name="checkUserDateTest" classname="Test.CheckUserPageTest" time="0.7"/>
  <testcase name="checkGradeIsVisibleTest" classname="Test.CheckMainPageTest" time="0.458"/>
  <testcase name="checkThatIdIsVisibleTest" classname="Test.CheckMainPageTest" time="0.454"/>
  <testcase name="checkThatNameIsVisibleTest" classname="Test.CheckMainPageTest" time="0.22"/>
  <testcase name="checkThatThatUsersMoreThenTest" classname="Test.CheckMainPageTest" time="0.781">
    <failure message="Element not found {By.xpath: //*[@class=&quot;MuiPaper-root MuiPaper-elevation MuiPaper-rounded MuiPaper-elevation1 MuiCard-root css-y6yw79-MuiPaper-root-MuiCard-root&quot;][0]}&#10;Expected: visible&#10;Screenshot: file:/home/andrey/java/otus/КУРСОВАЯ/WebTest/build/reports/tests/1650820579293.0.png&#10;Page source: file:/home/andrey/java/otus/КУРСОВАЯ/WebTest/build/reports/tests/1650820579293.0.html&#10;Timeout: 50 ms.&#10;Caused by: NoSuchElementException: no such element: Unable to locate element: {&quot;method&quot;:&quot;xpath&quot;,&quot;selector&quot;:&quot;//*[@class=&quot;MuiPaper-root MuiPaper-elevation MuiPaper-rounded MuiPaper-elevation1 MuiCard-root css-y6yw79-MuiPaper-root-MuiCard-root&quot;]&quot;}" type="com.codeborne.selenide.ex.ElementNotFound">com.codeborne.selenide.ex.ElementNotFound: 
Element not found {By.xpath: //*[@class="MuiPaper-root MuiPaper-elevation MuiPaper-rounded MuiPaper-elevation1 MuiCard-root css-y6yw79-MuiPaper-root-MuiCard-root"][0]}
Expected: visible
Screenshot: file:/home/andrey/java/otus/КУРСОВАЯ/WebTest/build/reports/tests/1650820579293.0.png
Page source: file:/home/andrey/java/otus/КУРСОВАЯ/WebTest/build/reports/tests/1650820579293.0.html
Timeout: 50 ms.
Caused by: NoSuchElementException: no such element: Unable to locate element: {"method":"xpath","selector":"//*[@class="MuiPaper-root MuiPaper-elevation MuiPaper-rounded MuiPaper-elevation1 MuiCard-root css-y6yw79-MuiPaper-root-MuiCard-root"]"}
	at Test.CheckMainPageTest.checkThatThatUsersMoreThenTest(CheckMainPageTest.java:25)
Caused by: org.openqa.selenium.NoSuchElementException: 
no such element: Unable to locate element: {"method":"xpath","selector":"//*[@class="MuiPaper-root MuiPaper-elevation MuiPaper-rounded MuiPaper-elevation1 MuiCard-root css-y6yw79-MuiPaper-root-MuiCard-root"]"}
  (Session info: chrome=99.0.4844.74)
For documentation on this error, please visit: https://selenium.dev/exceptions/#no_such_element
Build info: version: '4.1.3', revision: '7b1ebf28ef'
System info: host: 'ASUSLaptopTP470EA', ip: '127.0.1.1', os.name: 'Linux', os.arch: 'amd64', os.version: '5.13.0-27-generic', java.version: '11.0.14.1'
Driver info: org.openqa.selenium.chrome.ChromeDriver
Command: [a048fa2c69c3eaa10ef36124edab3a94, findElement {using=xpath, value=//*[@class="MuiPaper-root MuiPaper-elevation MuiPaper-rounded MuiPaper-elevation1 MuiCard-root css-y6yw79-MuiPaper-root-MuiCard-root"]}]
Capabilities {acceptInsecureCerts: true, browserName: chrome, browserVersion: 99.0.4844.74, chrome: {chromedriverVersion: 99.0.4844.51 (d537ec02474b5..., userDataDir: /tmp/.com.google.Chrome.XG5hCu}, goog:chromeOptions: {debuggerAddress: localhost:44621}, javascriptEnabled: true, networkConnectionEnabled: false, pageLoadStrategy: eager, platform: LINUX, platformName: LINUX, proxy: Proxy(), se:cdp: ws://localhost:44621/devtoo..., se:cdpVersion: 99.0.4844.74, setWindowRect: true, strictFileInteractability: false, timeouts: {implicit: 0, pageLoad: 300000, script: 30000}, unhandledPromptBehavior: dismiss and notify, webauthn:extension:credBlob: true, webauthn:extension:largeBlob: true, webauthn:virtualAuthenticators: true}
Session ID: a048fa2c69c3eaa10ef36124edab3a94
	at Test.CheckMainPageTest.checkThatThatUsersMoreThenTest(CheckMainPageTest.java:25)
</failure>
    <system-err><![CDATA[Starting ChromeDriver 99.0.4844.51 (d537ec02474b5afe23684e7963d538896c63ac77-refs/branch-heads/4844@{#875}) on port 57920
Only local connections are allowed.
Please see https://chromedriver.chromium.org/security-considerations for suggestions on keeping ChromeDriver safe.
C[1650820577,714][SEVERE]: CreatePlatformSocket() failed: Семейство адресов не поддерживается протоколом (97)
hromeDriver was started successfully.
[1650820578,404][SEVERE]: CreatePlatformSocket() failed: Семейство адресов не поддерживается протоколом (97)
апр. 24, 2022 8:16:18 PM org.openqa.selenium.remote.ProtocolHandshake createSession
INFO: Detected dialect: W3C
апр. 24, 2022 8:16:18 PM org.openqa.selenium.devtools.CdpVersionFinder findNearestMatch
INFO: Found exact CDP implementation for version 99
]]></system-err>
  </testcase>
  <testcase name="checkUserDateTest" classname="Test.CheckMainPageTest" time="0.695"/>
</testsuite>